<?xml version="1.0" encoding="UTF-8"?>
<!-- Generated by org.testng.reporters.JUnitXMLReporter -->
<testsuite ignored="0" hostname="chenqian981016deMacBook-Air.local" failures="0" tests="1" name="Command line test" time="0.001" errors="0" timestamp="25 12月 2021 12:14:28 GMT">
  <testcase classname="org.springframework.test.context.cache.ClassLevelDirtiesContextTestNGTests$ClassLevelDirtiesContextWithCleanMethodsAndAfterClassModeTestCase" name="verifyContextWasAutowired" time="0.0"/>
</testsuite> <!-- Command line test -->
