<?xml version="1.0" encoding="UTF-8"?>
<testsuite name="org.springframework.test.web.reactive.server.samples.ErrorTests" tests="3" skipped="0" failures="0" errors="0" timestamp="2021-12-25T12:14:40" hostname="chenqian981016deMacBook-Air.local" time="0.026">
  <properties/>
  <testcase name="serverException()" classname="org.springframework.test.web.reactive.server.samples.ErrorTests" time="0.006"/>
  <testcase name="badRequestBeforeRequestBodyConsumed()" classname="org.springframework.test.web.reactive.server.samples.ErrorTests" time="0.004"/>
  <testcase name="notFound()" classname="org.springframework.test.web.reactive.server.samples.ErrorTests" time="0.0"/>
  <system-out><![CDATA[20:14:40.245 [parallel-6] ERROR o.s.w.s.a.HttpWebHandlerAdapter - [57ae1dca] 500 Server Error for HTTP GET "/server-error"
java.lang.IllegalStateException: server error
	at org.springframework.test.web.reactive.server.samples.ErrorTests$TestController.handleAndThrowException(ErrorTests.java:82) ~[test/:?]
	Suppressed: reactor.core.publisher.FluxOnAssembly$OnAssemblyException: 
Error has been observed at the following site(s):
	|_ checkpoint ⇢ HTTP GET "/server-error" [ExceptionHandlingWebHandler]
Stack trace:
		at org.springframework.test.web.reactive.server.samples.ErrorTests$TestController.handleAndThrowException(ErrorTests.java:82) ~[test/:?]
		at jdk.internal.reflect.NativeMethodAccessorImpl.invoke0(Native Method) ~[?:?]
		at jdk.internal.reflect.NativeMethodAccessorImpl.invoke(NativeMethodAccessorImpl.java:62) ~[?:?]
		at jdk.internal.reflect.DelegatingMethodAccessorImpl.invoke(DelegatingMethodAccessorImpl.java:43) ~[?:?]
		at java.lang.reflect.Method.invoke(Method.java:566) ~[?:?]
		at org.springframework.web.reactive.result.method.InvocableHandlerMethod.lambda$invoke$0(InvocableHandlerMethod.java:148) ~[spring-webflux-5.2.19.BUILD-SNAPSHOT.jar:5.2.19.BUILD-SNAPSHOT]
		at reactor.core.publisher.FluxFlatMap.trySubscribeScalarMap(FluxFlatMap.java:152) ~[reactor-core-3.3.22.RELEASE.jar:3.3.22.RELEASE]
		at reactor.core.publisher.MonoFlatMap.subscribeOrReturn(MonoFlatMap.java:53) ~[reactor-core-3.3.22.RELEASE.jar:3.3.22.RELEASE]
		at reactor.core.publisher.InternalMonoOperator.subscribe(InternalMonoOperator.java:57) ~[reactor-core-3.3.22.RELEASE.jar:3.3.22.RELEASE]
		at reactor.core.publisher.MonoDefer.subscribe(MonoDefer.java:52) ~[reactor-core-3.3.22.RELEASE.jar:3.3.22.RELEASE]
		at reactor.core.publisher.MonoIgnoreThen$ThenIgnoreMain.subscribeNext(MonoIgnoreThen.java:234) ~[reactor-core-3.3.22.RELEASE.jar:3.3.22.RELEASE]
		at reactor.core.publisher.MonoIgnoreThen$ThenIgnoreMain.onComplete(MonoIgnoreThen.java:201) ~[reactor-core-3.3.22.RELEASE.jar:3.3.22.RELEASE]
		at reactor.core.publisher.MonoFlatMap$FlatMapMain.onComplete(MonoFlatMap.java:174) ~[reactor-core-3.3.22.RELEASE.jar:3.3.22.RELEASE]
		at reactor.core.publisher.Operators.complete(Operators.java:136) ~[reactor-core-3.3.22.RELEASE.jar:3.3.22.RELEASE]
		at reactor.core.publisher.MonoZip.subscribe(MonoZip.java:120) ~[reactor-core-3.3.22.RELEASE.jar:3.3.22.RELEASE]
		at reactor.core.publisher.Mono.subscribe(Mono.java:4252) ~[reactor-core-3.3.22.RELEASE.jar:3.3.22.RELEASE]
		at reactor.core.publisher.MonoIgnoreThen$ThenIgnoreMain.subscribeNext(MonoIgnoreThen.java:253) ~[reactor-core-3.3.22.RELEASE.jar:3.3.22.RELEASE]
		at reactor.core.publisher.MonoIgnoreThen.subscribe(MonoIgnoreThen.java:51) ~[reactor-core-3.3.22.RELEASE.jar:3.3.22.RELEASE]
		at reactor.core.publisher.InternalMonoOperator.subscribe(InternalMonoOperator.java:64) ~[reactor-core-3.3.22.RELEASE.jar:3.3.22.RELEASE]
		at reactor.core.publisher.MonoFlatMap$FlatMapMain.onNext(MonoFlatMap.java:150) ~[reactor-core-3.3.22.RELEASE.jar:3.3.22.RELEASE]
		at reactor.core.publisher.FluxSwitchIfEmpty$SwitchIfEmptySubscriber.onNext(FluxSwitchIfEmpty.java:68) ~[reactor-core-3.3.22.RELEASE.jar:3.3.22.RELEASE]
		at reactor.core.publisher.MonoNext$NextSubscriber.onNext(MonoNext.java:76) ~[reactor-core-3.3.22.RELEASE.jar:3.3.22.RELEASE]
		at reactor.core.publisher.FluxConcatMap$ConcatMapImmediate.innerNext(FluxConcatMap.java:275) ~[reactor-core-3.3.22.RELEASE.jar:3.3.22.RELEASE]
		at reactor.core.publisher.FluxConcatMap$ConcatMapInner.onNext(FluxConcatMap.java:852) ~[reactor-core-3.3.22.RELEASE.jar:3.3.22.RELEASE]
		at reactor.core.publisher.FluxMapFuseable$MapFuseableSubscriber.onNext(FluxMapFuseable.java:121) ~[reactor-core-3.3.22.RELEASE.jar:3.3.22.RELEASE]
		at reactor.core.publisher.MonoPeekTerminal$MonoTerminalPeekSubscriber.onNext(MonoPeekTerminal.java:173) ~[reactor-core-3.3.22.RELEASE.jar:3.3.22.RELEASE]
		at reactor.core.publisher.Operators$ScalarSubscription.request(Operators.java:2394) ~[reactor-core-3.3.22.RELEASE.jar:3.3.22.RELEASE]
		at reactor.core.publisher.MonoPeekTerminal$MonoTerminalPeekSubscriber.request(MonoPeekTerminal.java:132) ~[reactor-core-3.3.22.RELEASE.jar:3.3.22.RELEASE]
		at reactor.core.publisher.FluxMapFuseable$MapFuseableSubscriber.request(FluxMapFuseable.java:162) ~[reactor-core-3.3.22.RELEASE.jar:3.3.22.RELEASE]
		at reactor.core.publisher.Operators$MultiSubscriptionSubscriber.set(Operators.java:2191) ~[reactor-core-3.3.22.RELEASE.jar:3.3.22.RELEASE]
		at reactor.core.publisher.Operators$MultiSubscriptionSubscriber.onSubscribe(Operators.java:2065) ~[reactor-core-3.3.22.RELEASE.jar:3.3.22.RELEASE]
		at reactor.core.publisher.FluxMapFuseable$MapFuseableSubscriber.onSubscribe(FluxMapFuseable.java:90) ~[reactor-core-3.3.22.RELEASE.jar:3.3.22.RELEASE]
		at reactor.core.publisher.MonoPeekTerminal$MonoTerminalPeekSubscriber.onSubscribe(MonoPeekTerminal.java:145) ~[reactor-core-3.3.22.RELEASE.jar:3.3.22.RELEASE]
		at reactor.core.publisher.MonoJust.subscribe(MonoJust.java:55) ~[reactor-core-3.3.22.RELEASE.jar:3.3.22.RELEASE]
		at reactor.core.publisher.Mono.subscribe(Mono.java:4252) ~[reactor-core-3.3.22.RELEASE.jar:3.3.22.RELEASE]
		at reactor.core.publisher.FluxConcatMap$ConcatMapImmediate.drain(FluxConcatMap.java:442) ~[reactor-core-3.3.22.RELEASE.jar:3.3.22.RELEASE]
		at reactor.core.publisher.FluxConcatMap$ConcatMapImmediate.onSubscribe(FluxConcatMap.java:212) ~[reactor-core-3.3.22.RELEASE.jar:3.3.22.RELEASE]
		at reactor.core.publisher.FluxIterable.subscribe(FluxIterable.java:162) ~[reactor-core-3.3.22.RELEASE.jar:3.3.22.RELEASE]
		at reactor.core.publisher.FluxIterable.subscribe(FluxIterable.java:87) ~[reactor-core-3.3.22.RELEASE.jar:3.3.22.RELEASE]
		at reactor.core.publisher.InternalMonoOperator.subscribe(InternalMonoOperator.java:64) ~[reactor-core-3.3.22.RELEASE.jar:3.3.22.RELEASE]
		at reactor.core.publisher.MonoDefer.subscribe(MonoDefer.java:52) ~[reactor-core-3.3.22.RELEASE.jar:3.3.22.RELEASE]
		at reactor.core.publisher.Mono.subscribe(Mono.java:4252) ~[reactor-core-3.3.22.RELEASE.jar:3.3.22.RELEASE]
		at reactor.core.publisher.MonoIgnoreThen$ThenIgnoreMain.subscribeNext(MonoIgnoreThen.java:253) ~[reactor-core-3.3.22.RELEASE.jar:3.3.22.RELEASE]
		at reactor.core.publisher.MonoIgnoreThen.subscribe(MonoIgnoreThen.java:51) ~[reactor-core-3.3.22.RELEASE.jar:3.3.22.RELEASE]
		at org.springframework.test.web.reactive.server.HttpHandlerConnector.lambda$doConnect$1(HttpHandlerConnector.java:97) ~[main/:?]
		at org.springframework.mock.http.client.reactive.MockClientHttpRequest.lambda$writeWith$2(MockClientHttpRequest.java:121) ~[main/:?]
		at reactor.core.publisher.MonoDefer.subscribe(MonoDefer.java:44) ~[reactor-core-3.3.22.RELEASE.jar:3.3.22.RELEASE]
		at reactor.core.publisher.Mono.subscribe(Mono.java:4252) ~[reactor-core-3.3.22.RELEASE.jar:3.3.22.RELEASE]
		at reactor.core.publisher.FluxConcatIterable$ConcatIterableSubscriber.onComplete(FluxConcatIterable.java:146) ~[reactor-core-3.3.22.RELEASE.jar:3.3.22.RELEASE]
		at reactor.core.publisher.FluxConcatIterable.subscribe(FluxConcatIterable.java:60) ~[reactor-core-3.3.22.RELEASE.jar:3.3.22.RELEASE]
		at reactor.core.publisher.MonoFromFluxOperator.subscribe(MonoFromFluxOperator.java:81) ~[reactor-core-3.3.22.RELEASE.jar:3.3.22.RELEASE]
		at org.springframework.test.web.reactive.server.HttpHandlerConnector.doConnect(HttpHandlerConnector.java:108) ~[main/:?]
		at org.springframework.test.web.reactive.server.HttpHandlerConnector.lambda$connect$0(HttpHandlerConnector.java:79) ~[main/:?]
		at reactor.core.publisher.MonoDefer.subscribe(MonoDefer.java:44) [reactor-core-3.3.22.RELEASE.jar:3.3.22.RELEASE]
		at reactor.core.publisher.Mono.subscribe(Mono.java:4252) [reactor-core-3.3.22.RELEASE.jar:3.3.22.RELEASE]
		at reactor.core.publisher.MonoSubscribeOn$SubscribeOnSubscriber.run(MonoSubscribeOn.java:124) [reactor-core-3.3.22.RELEASE.jar:3.3.22.RELEASE]
		at reactor.core.scheduler.WorkerTask.call(WorkerTask.java:84) [reactor-core-3.3.22.RELEASE.jar:3.3.22.RELEASE]
		at reactor.core.scheduler.WorkerTask.call(WorkerTask.java:37) [reactor-core-3.3.22.RELEASE.jar:3.3.22.RELEASE]
		at java.util.concurrent.FutureTask.run(FutureTask.java:264) [?:?]
		at java.util.concurrent.ScheduledThreadPoolExecutor$ScheduledFutureTask.run(ScheduledThreadPoolExecutor.java:304) [?:?]
		at java.util.concurrent.ThreadPoolExecutor.runWorker(ThreadPoolExecutor.java:1128) [?:?]
		at java.util.concurrent.ThreadPoolExecutor$Worker.run(ThreadPoolExecutor.java:628) [?:?]
		at java.lang.Thread.run(Thread.java:829) [?:?]
]]></system-out>
  <system-err><![CDATA[]]></system-err>
</testsuite>
