<?xml version="1.0" encoding="UTF-8"?>
<!-- Generated by org.testng.reporters.JUnitReportReporter -->
<testsuite hostname="chenqian981016deMacBook-Air.local" failures="0" tests="1" name="org.springframework.test.context.cache.ClassLevelDirtiesContextTestNGTests$InheritedClassLevelDirtiesContextWithCleanMethodsAndDefaultModeTestCase" time="0.000" errors="0" timestamp="25 12月 2021 12:14:27 GMT" skipped="0">
  <testcase classname="org.springframework.test.context.cache.ClassLevelDirtiesContextTestNGTests$InheritedClassLevelDirtiesContextWithCleanMethodsAndDefaultModeTestCase" name="verifyContextWasAutowired" time="0.000"/>
</testsuite> <!-- org.springframework.test.context.cache.ClassLevelDirtiesContextTestNGTests$InheritedClassLevelDirtiesContextWithCleanMethodsAndDefaultModeTestCase -->
